app/build/intermediates/manifest_merge_blame_file/debug/manifest-merger-blame-debug-report.txt
1<?xml version="1.0" encoding="utf-8"?>
2<manifest xmlns:android="http://schemas.android.com/apk/res/android"
3    package="com.example.movieapp"
4    android:versionCode="1"
5    android:versionName="1.0" >
6
7    <uses-sdk
8        android:minSdkVersion="27"
9        android:targetSdkVersion="34" />
10
11    <uses-permission android:name="android.permission.INTERNET" />
11-->src\main\AndroidManifest.xml:6:5-67
11-->src\main\AndroidManifest.xml:6:22-64
12    <uses-permission android:name="android.permission.RECEIVE_BOOT_COMPLETED" />
12-->src\main\AndroidManifest.xml:7:5-81
12-->src\main\AndroidManifest.xml:7:22-78
13    <uses-permission android:name="android.permission.WAKE_LOCK" />
13-->src\main\AndroidManifest.xml:8:5-68
13-->src\main\AndroidManifest.xml:8:22-65
14    <uses-permission android:name="android.permission.FOREGROUND_SERVICE" />
14-->src\main\AndroidManifest.xml:9:5-77
14-->src\main\AndroidManifest.xml:9:22-74
15    <uses-permission android:name="android.permission.FOREGROUND_SERVICE_DATA_SYNC" />
15-->src\main\AndroidManifest.xml:10:5-87
15-->src\main\AndroidManifest.xml:10:22-84
16    <uses-permission android:name="android.permission.FOREGROUND_SERVICE_LOCATION" />
16-->src\main\AndroidManifest.xml:11:5-86
16-->src\main\AndroidManifest.xml:11:22-83
17    <uses-permission android:name="android.permission.ACCESS_COARSE_LOCATION" />
17-->src\main\AndroidManifest.xml:12:5-81
17-->src\main\AndroidManifest.xml:12:22-78
18    <uses-permission android:name="android.permission.ACCESS_FINE_LOCATION" />
18-->src\main\AndroidManifest.xml:13:5-79
18-->src\main\AndroidManifest.xml:13:22-76
19    <uses-permission android:name="android.permission.GET_ACCOUNTS" />
19-->src\main\AndroidManifest.xml:14:5-71
19-->src\main\AndroidManifest.xml:14:22-68
20
21    <!-- Although the *SdkVersion is captured in gradle build files, this is required for non gradle builds -->
22    <!-- <uses-sdk android:minSdkVersion="14"/> -->
23    <uses-permission android:name="android.permission.ACCESS_NETWORK_STATE" />
23-->[com.google.firebase:firebase-storage:20.3.0] AndroidManifest.xml:23:5-79
23-->[com.google.firebase:firebase-storage:20.3.0] AndroidManifest.xml:23:22-76
24
25    <queries>
25-->[com.facebook.android:facebook-common:17.0.0] AndroidManifest.xml:17:5-19:15
26        <package android:name="com.facebook.katana" />
26-->[com.facebook.android:facebook-common:17.0.0] AndroidManifest.xml:18:9-55
26-->[com.facebook.android:facebook-common:17.0.0] AndroidManifest.xml:18:18-52
27    </queries>
28
29    <uses-permission android:name="com.google.android.gms.permission.AD_ID" />
29-->[com.google.android.gms:play-services-measurement-api:21.6.1] AndroidManifest.xml:25:5-79
29-->[com.google.android.gms:play-services-measurement-api:21.6.1] AndroidManifest.xml:25:22-76
30    <uses-permission android:name="android.permission.ACCESS_ADSERVICES_ATTRIBUTION" />
30-->[com.google.android.gms:play-services-measurement-api:21.6.1] AndroidManifest.xml:26:5-88
30-->[com.google.android.gms:play-services-measurement-api:21.6.1] AndroidManifest.xml:26:22-85
31    <uses-permission android:name="android.permission.ACCESS_ADSERVICES_AD_ID" />
31-->[com.google.android.gms:play-services-measurement-api:21.6.1] AndroidManifest.xml:27:5-82
31-->[com.google.android.gms:play-services-measurement-api:21.6.1] AndroidManifest.xml:27:22-79
32    <uses-permission android:name="com.google.android.providers.gsf.permission.READ_GSERVICES" />
32-->[com.google.android.recaptcha:recaptcha:18.4.0] AndroidManifest.xml:9:5-98
32-->[com.google.android.recaptcha:recaptcha:18.4.0] AndroidManifest.xml:9:22-95
33    <uses-permission android:name="com.google.android.finsky.permission.BIND_GET_INSTALL_REFERRER_SERVICE" />
33-->[com.google.android.gms:play-services-measurement:21.6.1] AndroidManifest.xml:26:5-110
33-->[com.google.android.gms:play-services-measurement:21.6.1] AndroidManifest.xml:26:22-107
34
35    <permission
35-->[androidx.core:core:1.9.0] AndroidManifest.xml:22:5-24:47
36        android:name="com.example.movieapp.DYNAMIC_RECEIVER_NOT_EXPORTED_PERMISSION"
36-->[androidx.core:core:1.9.0] AndroidManifest.xml:23:9-81
37        android:protectionLevel="signature" />
37-->[androidx.core:core:1.9.0] AndroidManifest.xml:24:9-44
38
39    <uses-permission android:name="com.example.movieapp.DYNAMIC_RECEIVER_NOT_EXPORTED_PERMISSION" />
39-->[androidx.core:core:1.9.0] AndroidManifest.xml:26:5-97
39-->[androidx.core:core:1.9.0] AndroidManifest.xml:26:22-94
40
41    <application
41-->src\main\AndroidManifest.xml:16:5-110:19
42        android:name="com.example.movieapp.MyApplication"
42-->src\main\AndroidManifest.xml:17:9-38
43        android:allowBackup="true"
43-->src\main\AndroidManifest.xml:18:9-35
44        android:appComponentFactory="androidx.core.app.CoreComponentFactory"
44-->[androidx.core:core:1.9.0] AndroidManifest.xml:28:18-86
45        android:dataExtractionRules="@xml/data_extraction_rules"
45-->src\main\AndroidManifest.xml:19:9-65
46        android:debuggable="true"
47        android:extractNativeLibs="false"
48        android:fullBackupContent="@xml/backup_rules"
48-->src\main\AndroidManifest.xml:20:9-54
49        android:icon="@mipmap/ic_launcher"
49-->src\main\AndroidManifest.xml:21:9-43
50        android:label="@string/app_name"
50-->src\main\AndroidManifest.xml:22:9-41
51        android:roundIcon="@mipmap/ic_launcher_round"
51-->src\main\AndroidManifest.xml:23:9-54
52        android:supportsRtl="true"
52-->src\main\AndroidManifest.xml:24:9-35
53        android:testOnly="true"
54        android:theme="@style/Theme.MovieApp" >
54-->src\main\AndroidManifest.xml:25:9-46
55        <meta-data
55-->src\main\AndroidManifest.xml:28:9-30:55
56            android:name="com.facebook.sdk.ApplicationId"
56-->src\main\AndroidManifest.xml:29:13-58
57            android:value="@string/facebook_app_id" />
57-->src\main\AndroidManifest.xml:30:13-52
58        <meta-data
58-->src\main\AndroidManifest.xml:31:9-33:61
59            android:name="com.facebook.sdk.ClientToken"
59-->src\main\AndroidManifest.xml:32:13-56
60            android:value="@string/facebook_client_token" />
60-->src\main\AndroidManifest.xml:33:13-58
61        <meta-data
61-->src\main\AndroidManifest.xml:34:9-36:69
62            android:name="com.google.android.gms.version"
62-->src\main\AndroidManifest.xml:35:13-58
63            android:value="@integer/google_play_services_version" />
63-->src\main\AndroidManifest.xml:36:13-66
64        <meta-data
64-->src\main\AndroidManifest.xml:37:9-39:61
65            android:name="com.google.android.gms.signin.API_KEY"
65-->src\main\AndroidManifest.xml:38:13-65
66            android:value="@string/default_web_client_id" />
66-->src\main\AndroidManifest.xml:39:13-58
67
68        <receiver
68-->src\main\AndroidManifest.xml:41:9-44:40
69            android:name="com.example.movieapp.AlarmReceiver"
69-->src\main\AndroidManifest.xml:42:13-42
70            android:enabled="true"
70-->src\main\AndroidManifest.xml:43:13-35
71            android:exported="false" />
71-->src\main\AndroidManifest.xml:44:13-37
72
73        <service
73-->src\main\AndroidManifest.xml:46:9-49:110
74            android:name="com.google.android.gms.auth.api.signin.RevocationBoundService"
74-->src\main\AndroidManifest.xml:47:13-89
75            android:exported="true"
75-->src\main\AndroidManifest.xml:48:13-36
76            android:permission="com.google.android.gms.auth.api.signin.permission.REVOCATION_NOTIFICATION"
76-->src\main\AndroidManifest.xml:49:13-107
77            android:visibleToInstantApps="true" />
77-->[com.google.android.gms:play-services-auth:21.0.0] AndroidManifest.xml:37:13-48
78        <service
78-->src\main\AndroidManifest.xml:50:9-54:65
79            android:name="com.example.movieapp.MyForegroundService"
79-->src\main\AndroidManifest.xml:51:13-48
80            android:enabled="true"
80-->src\main\AndroidManifest.xml:52:13-35
81            android:exported="false"
81-->src\main\AndroidManifest.xml:53:13-37
82            android:foregroundServiceType="location|dataSync" />
82-->src\main\AndroidManifest.xml:54:13-62
83
84        <activity
84-->src\main\AndroidManifest.xml:56:9-58:40
85            android:name="com.example.movieapp.Activities.NotificationActivity"
85-->src\main\AndroidManifest.xml:57:13-60
86            android:exported="false" />
86-->src\main\AndroidManifest.xml:58:13-37
87        <activity
87-->src\main\AndroidManifest.xml:59:9-61:40
88            android:name="com.example.movieapp.Activities.WatchListActivity"
88-->src\main\AndroidManifest.xml:60:13-57
89            android:exported="false" />
89-->src\main\AndroidManifest.xml:61:13-37
90        <activity
90-->src\main\AndroidManifest.xml:62:9-64:40
91            android:name="com.example.movieapp.Activities.HistoryActivity"
91-->src\main\AndroidManifest.xml:63:13-55
92            android:exported="false" />
92-->src\main\AndroidManifest.xml:64:13-37
93        <activity
93-->src\main\AndroidManifest.xml:65:9-67:40
94            android:name="com.example.movieapp.Activities.FavouriteActivity"
94-->src\main\AndroidManifest.xml:66:13-57
95            android:exported="false" />
95-->src\main\AndroidManifest.xml:67:13-37
96        <activity
96-->src\main\AndroidManifest.xml:68:9-70:40
97            android:name="com.example.movieapp.Activities.ProfileActivity"
97-->src\main\AndroidManifest.xml:69:13-55
98            android:exported="false" />
98-->src\main\AndroidManifest.xml:70:13-37
99        <activity
99-->src\main\AndroidManifest.xml:71:9-73:40
100            android:name="com.example.movieapp.Activities.SearchBarActivity"
100-->src\main\AndroidManifest.xml:72:13-57
101            android:exported="false" />
101-->src\main\AndroidManifest.xml:73:13-37
102        <activity
102-->src\main\AndroidManifest.xml:74:9-76:40
103            android:name="com.example.movieapp.Activities.MovieTypeActivity"
103-->src\main\AndroidManifest.xml:75:13-57
104            android:exported="false" />
104-->src\main\AndroidManifest.xml:76:13-37
105        <activity
105-->src\main\AndroidManifest.xml:77:9-79:40
106            android:name="com.example.movieapp.Activities.SearchPageActivity"
106-->src\main\AndroidManifest.xml:78:13-58
107            android:exported="false" />
107-->src\main\AndroidManifest.xml:79:13-37
108        <activity
108-->src\main\AndroidManifest.xml:80:9-83:40
109            android:name="com.example.movieapp.Activities.DetailActivity"
109-->src\main\AndroidManifest.xml:81:13-54
110            android:configChanges="orientation|screenSize"
110-->src\main\AndroidManifest.xml:82:13-59
111            android:exported="false" />
111-->src\main\AndroidManifest.xml:83:13-37
112        <activity
112-->src\main\AndroidManifest.xml:84:9-88:55
113            android:name="com.example.movieapp.Activities.WatchMovieActivity"
113-->src\main\AndroidManifest.xml:85:13-58
114            android:configChanges="orientation|screenSize"
114-->src\main\AndroidManifest.xml:86:13-59
115            android:exported="false"
115-->src\main\AndroidManifest.xml:87:13-37
116            android:screenOrientation="unspecified" />
116-->src\main\AndroidManifest.xml:88:13-52
117        <activity
117-->src\main\AndroidManifest.xml:89:9-91:40
118            android:name="com.example.movieapp.Activities.SignUpActivity"
118-->src\main\AndroidManifest.xml:90:13-54
119            android:exported="false" />
119-->src\main\AndroidManifest.xml:91:13-37
120        <activity
120-->src\main\AndroidManifest.xml:92:9-95:40
121            android:name="com.example.movieapp.Activities.LoginActivity"
121-->src\main\AndroidManifest.xml:93:13-53
122            android:configChanges="orientation|screenSize"
122-->src\main\AndroidManifest.xml:94:13-59
123            android:exported="false" />
123-->src\main\AndroidManifest.xml:95:13-37
124        <activity
124-->src\main\AndroidManifest.xml:96:9-99:40
125            android:name="com.example.movieapp.Activities.MainActivity"
125-->src\main\AndroidManifest.xml:97:13-52
126            android:configChanges="orientation|screenSize"
126-->src\main\AndroidManifest.xml:98:13-59
127            android:exported="false" />
127-->src\main\AndroidManifest.xml:99:13-37
128        <activity
128-->src\main\AndroidManifest.xml:100:9-109:20
129            android:name="com.example.movieapp.Activities.IntroActivity"
129-->src\main\AndroidManifest.xml:101:13-53
130            android:configChanges="orientation|screenSize"
130-->src\main\AndroidManifest.xml:102:13-59
131            android:exported="true" >
131-->src\main\AndroidManifest.xml:103:13-36
132            <intent-filter>
132-->src\main\AndroidManifest.xml:104:13-108:29
133                <action android:name="android.intent.action.MAIN" />
133-->src\main\AndroidManifest.xml:105:17-69
133-->src\main\AndroidManifest.xml:105:25-66
134
135                <category android:name="android.intent.category.LAUNCHER" />
135-->src\main\AndroidManifest.xml:107:17-77
135-->src\main\AndroidManifest.xml:107:27-74
136            </intent-filter>
137        </activity>
138
139        <service
139-->[com.google.firebase:firebase-storage:20.3.0] AndroidManifest.xml:27:9-36:19
140            android:name="com.google.firebase.components.ComponentDiscoveryService"
140-->[com.google.firebase:firebase-storage:20.3.0] AndroidManifest.xml:28:13-84
141            android:directBootAware="true"
141-->[com.google.firebase:firebase-common:20.4.3] AndroidManifest.xml:32:13-43
142            android:exported="false" >
142-->[com.google.firebase:firebase-storage:20.3.0] AndroidManifest.xml:29:13-37
143            <meta-data
143-->[com.google.firebase:firebase-storage:20.3.0] AndroidManifest.xml:30:13-32:85
144                android:name="com.google.firebase.components:com.google.firebase.storage.FirebaseStorageKtxRegistrar"
144-->[com.google.firebase:firebase-storage:20.3.0] AndroidManifest.xml:31:17-118
145                android:value="com.google.firebase.components.ComponentRegistrar" />
145-->[com.google.firebase:firebase-storage:20.3.0] AndroidManifest.xml:32:17-82
146            <meta-data
146-->[com.google.firebase:firebase-storage:20.3.0] AndroidManifest.xml:33:13-35:85
147                android:name="com.google.firebase.components:com.google.firebase.storage.StorageRegistrar"
147-->[com.google.firebase:firebase-storage:20.3.0] AndroidManifest.xml:34:17-107
148                android:value="com.google.firebase.components.ComponentRegistrar" />
148-->[com.google.firebase:firebase-storage:20.3.0] AndroidManifest.xml:35:17-82
149            <meta-data
149-->[com.google.firebase:firebase-database:20.3.1] AndroidManifest.xml:29:13-31:85
150                android:name="com.google.firebase.components:com.google.firebase.database.FirebaseDatabaseKtxRegistrar"
150-->[com.google.firebase:firebase-database:20.3.1] AndroidManifest.xml:30:17-120
151                android:value="com.google.firebase.components.ComponentRegistrar" />
151-->[com.google.firebase:firebase-database:20.3.1] AndroidManifest.xml:31:17-82
152            <meta-data
152-->[com.google.firebase:firebase-database:20.3.1] AndroidManifest.xml:32:13-34:85
153                android:name="com.google.firebase.components:com.google.firebase.database.DatabaseRegistrar"
153-->[com.google.firebase:firebase-database:20.3.1] AndroidManifest.xml:33:17-109
154                android:value="com.google.firebase.components.ComponentRegistrar" />
154-->[com.google.firebase:firebase-database:20.3.1] AndroidManifest.xml:34:17-82
155            <meta-data
155-->[com.google.firebase:firebase-auth:22.3.1] AndroidManifest.xml:69:13-71:85
156                android:name="com.google.firebase.components:com.google.firebase.auth.FirebaseAuthRegistrar"
156-->[com.google.firebase:firebase-auth:22.3.1] AndroidManifest.xml:70:17-109
157                android:value="com.google.firebase.components.ComponentRegistrar" />
157-->[com.google.firebase:firebase-auth:22.3.1] AndroidManifest.xml:71:17-82
158            <meta-data
158-->[com.google.firebase:firebase-appcheck:17.1.2] AndroidManifest.xml:25:13-27:85
159                android:name="com.google.firebase.components:com.google.firebase.appcheck.FirebaseAppCheckKtxRegistrar"
159-->[com.google.firebase:firebase-appcheck:17.1.2] AndroidManifest.xml:26:17-120
160                android:value="com.google.firebase.components.ComponentRegistrar" />
160-->[com.google.firebase:firebase-appcheck:17.1.2] AndroidManifest.xml:27:17-82
161            <meta-data
161-->[com.google.firebase:firebase-appcheck:17.1.2] AndroidManifest.xml:28:13-30:85
162                android:name="com.google.firebase.components:com.google.firebase.appcheck.FirebaseAppCheckRegistrar"
162-->[com.google.firebase:firebase-appcheck:17.1.2] AndroidManifest.xml:29:17-117
163                android:value="com.google.firebase.components.ComponentRegistrar" />
163-->[com.google.firebase:firebase-appcheck:17.1.2] AndroidManifest.xml:30:17-82
164            <meta-data
164-->[com.google.android.gms:play-services-measurement-api:21.6.1] AndroidManifest.xml:37:13-39:85
165                android:name="com.google.firebase.components:com.google.firebase.analytics.connector.internal.AnalyticsConnectorRegistrar"
165-->[com.google.android.gms:play-services-measurement-api:21.6.1] AndroidManifest.xml:38:17-139
166                android:value="com.google.firebase.components.ComponentRegistrar" />
166-->[com.google.android.gms:play-services-measurement-api:21.6.1] AndroidManifest.xml:39:17-82
167            <meta-data
167-->[com.google.firebase:firebase-installations:17.2.0] AndroidManifest.xml:15:13-17:85
168                android:name="com.google.firebase.components:com.google.firebase.installations.FirebaseInstallationsKtxRegistrar"
168-->[com.google.firebase:firebase-installations:17.2.0] AndroidManifest.xml:16:17-130
169                android:value="com.google.firebase.components.ComponentRegistrar" />
169-->[com.google.firebase:firebase-installations:17.2.0] AndroidManifest.xml:17:17-82
170            <meta-data
170-->[com.google.firebase:firebase-installations:17.2.0] AndroidManifest.xml:18:13-20:85
171                android:name="com.google.firebase.components:com.google.firebase.installations.FirebaseInstallationsRegistrar"
171-->[com.google.firebase:firebase-installations:17.2.0] AndroidManifest.xml:19:17-127
172                android:value="com.google.firebase.components.ComponentRegistrar" />
172-->[com.google.firebase:firebase-installations:17.2.0] AndroidManifest.xml:20:17-82
173            <meta-data
173-->[com.google.firebase:firebase-common-ktx:20.4.3] AndroidManifest.xml:12:13-14:85
174                android:name="com.google.firebase.components:com.google.firebase.ktx.FirebaseCommonLegacyRegistrar"
174-->[com.google.firebase:firebase-common-ktx:20.4.3] AndroidManifest.xml:13:17-116
175                android:value="com.google.firebase.components.ComponentRegistrar" />
175-->[com.google.firebase:firebase-common-ktx:20.4.3] AndroidManifest.xml:14:17-82
176            <meta-data
176-->[com.google.firebase:firebase-common:20.4.3] AndroidManifest.xml:35:13-37:85
177                android:name="com.google.firebase.components:com.google.firebase.FirebaseCommonKtxRegistrar"
177-->[com.google.firebase:firebase-common:20.4.3] AndroidManifest.xml:36:17-109
178                android:value="com.google.firebase.components.ComponentRegistrar" />
178-->[com.google.firebase:firebase-common:20.4.3] AndroidManifest.xml:37:17-82
179        </service>
180
181        <activity
181-->[com.google.android.gms:play-services-auth:21.0.0] AndroidManifest.xml:23:9-27:75
182            android:name="com.google.android.gms.auth.api.signin.internal.SignInHubActivity"
182-->[com.google.android.gms:play-services-auth:21.0.0] AndroidManifest.xml:24:13-93
183            android:excludeFromRecents="true"
183-->[com.google.android.gms:play-services-auth:21.0.0] AndroidManifest.xml:25:13-46
184            android:exported="false"
184-->[com.google.android.gms:play-services-auth:21.0.0] AndroidManifest.xml:26:13-37
185            android:theme="@android:style/Theme.Translucent.NoTitleBar" />
185-->[com.google.android.gms:play-services-auth:21.0.0] AndroidManifest.xml:27:13-72
186        <activity
186-->[com.google.firebase:firebase-auth:22.3.1] AndroidManifest.xml:29:9-46:20
187            android:name="com.google.firebase.auth.internal.GenericIdpActivity"
187-->[com.google.firebase:firebase-auth:22.3.1] AndroidManifest.xml:30:13-80
188            android:excludeFromRecents="true"
188-->[com.google.firebase:firebase-auth:22.3.1] AndroidManifest.xml:31:13-46
189            android:exported="true"
189-->[com.google.firebase:firebase-auth:22.3.1] AndroidManifest.xml:32:13-36
190            android:launchMode="singleTask"
190-->[com.google.firebase:firebase-auth:22.3.1] AndroidManifest.xml:33:13-44
191            android:theme="@android:style/Theme.Translucent.NoTitleBar" >
191-->[com.google.firebase:firebase-auth:22.3.1] AndroidManifest.xml:34:13-72
192            <intent-filter>
192-->[com.google.firebase:firebase-auth:22.3.1] AndroidManifest.xml:35:13-45:29
193                <action android:name="android.intent.action.VIEW" />
193-->[com.google.firebase:firebase-auth:22.3.1] AndroidManifest.xml:36:17-69
193-->[com.google.firebase:firebase-auth:22.3.1] AndroidManifest.xml:36:25-66
194
195                <category android:name="android.intent.category.DEFAULT" />
195-->[com.google.firebase:firebase-auth:22.3.1] AndroidManifest.xml:38:17-76
195-->[com.google.firebase:firebase-auth:22.3.1] AndroidManifest.xml:38:27-73
196                <category android:name="android.intent.category.BROWSABLE" />
196-->[com.google.firebase:firebase-auth:22.3.1] AndroidManifest.xml:39:17-78
196-->[com.google.firebase:firebase-auth:22.3.1] AndroidManifest.xml:39:27-75
197
198                <data
198-->[com.google.firebase:firebase-auth:22.3.1] AndroidManifest.xml:41:17-44:51
199                    android:host="firebase.auth"
199-->[com.google.firebase:firebase-auth:22.3.1] AndroidManifest.xml:42:21-49
200                    android:path="/"
200-->[com.google.firebase:firebase-auth:22.3.1] AndroidManifest.xml:43:21-37
201                    android:scheme="genericidp" />
201-->[com.google.firebase:firebase-auth:22.3.1] AndroidManifest.xml:44:21-48
202            </intent-filter>
203        </activity>
204        <activity
204-->[com.google.firebase:firebase-auth:22.3.1] AndroidManifest.xml:47:9-64:20
205            android:name="com.google.firebase.auth.internal.RecaptchaActivity"
205-->[com.google.firebase:firebase-auth:22.3.1] AndroidManifest.xml:48:13-79
206            android:excludeFromRecents="true"
206-->[com.google.firebase:firebase-auth:22.3.1] AndroidManifest.xml:49:13-46
207            android:exported="true"
207-->[com.google.firebase:firebase-auth:22.3.1] AndroidManifest.xml:50:13-36
208            android:launchMode="singleTask"
208-->[com.google.firebase:firebase-auth:22.3.1] AndroidManifest.xml:51:13-44
209            android:theme="@android:style/Theme.Translucent.NoTitleBar" >
209-->[com.google.firebase:firebase-auth:22.3.1] AndroidManifest.xml:52:13-72
210            <intent-filter>
210-->[com.google.firebase:firebase-auth:22.3.1] AndroidManifest.xml:53:13-63:29
211                <action android:name="android.intent.action.VIEW" />
211-->[com.google.firebase:firebase-auth:22.3.1] AndroidManifest.xml:36:17-69
211-->[com.google.firebase:firebase-auth:22.3.1] AndroidManifest.xml:36:25-66
212
213                <category android:name="android.intent.category.DEFAULT" />
213-->[com.google.firebase:firebase-auth:22.3.1] AndroidManifest.xml:38:17-76
213-->[com.google.firebase:firebase-auth:22.3.1] AndroidManifest.xml:38:27-73
214                <category android:name="android.intent.category.BROWSABLE" />
214-->[com.google.firebase:firebase-auth:22.3.1] AndroidManifest.xml:39:17-78
214-->[com.google.firebase:firebase-auth:22.3.1] AndroidManifest.xml:39:27-75
215
216                <data
216-->[com.google.firebase:firebase-auth:22.3.1] AndroidManifest.xml:41:17-44:51
217                    android:host="firebase.auth"
217-->[com.google.firebase:firebase-auth:22.3.1] AndroidManifest.xml:42:21-49
218                    android:path="/"
218-->[com.google.firebase:firebase-auth:22.3.1] AndroidManifest.xml:43:21-37
219                    android:scheme="recaptcha" />
219-->[com.google.firebase:firebase-auth:22.3.1] AndroidManifest.xml:44:21-48
220            </intent-filter>
221        </activity>
222        <activity
222-->[com.facebook.android:facebook-common:17.0.0] AndroidManifest.xml:22:9-25:66
223            android:name="com.facebook.FacebookActivity"
223-->[com.facebook.android:facebook-common:17.0.0] AndroidManifest.xml:23:13-57
224            android:configChanges="keyboard|keyboardHidden|screenLayout|screenSize|orientation"
224-->[com.facebook.android:facebook-common:17.0.0] AndroidManifest.xml:24:13-96
225            android:theme="@style/com_facebook_activity_theme" />
225-->[com.facebook.android:facebook-common:17.0.0] AndroidManifest.xml:25:13-63
226        <activity android:name="com.facebook.CustomTabMainActivity" />
226-->[com.facebook.android:facebook-common:17.0.0] AndroidManifest.xml:26:9-71
226-->[com.facebook.android:facebook-common:17.0.0] AndroidManifest.xml:26:19-68
227        <activity
227-->[com.facebook.android:facebook-common:17.0.0] AndroidManifest.xml:27:9-41:20
228            android:name="com.facebook.CustomTabActivity"
228-->[com.facebook.android:facebook-common:17.0.0] AndroidManifest.xml:28:13-58
229            android:exported="true" >
229-->[com.facebook.android:facebook-common:17.0.0] AndroidManifest.xml:29:13-36
230            <intent-filter>
230-->[com.facebook.android:facebook-common:17.0.0] AndroidManifest.xml:31:13-40:29
231                <action android:name="android.intent.action.VIEW" />
231-->[com.google.firebase:firebase-auth:22.3.1] AndroidManifest.xml:36:17-69
231-->[com.google.firebase:firebase-auth:22.3.1] AndroidManifest.xml:36:25-66
232
233                <category android:name="android.intent.category.DEFAULT" />
233-->[com.google.firebase:firebase-auth:22.3.1] AndroidManifest.xml:38:17-76
233-->[com.google.firebase:firebase-auth:22.3.1] AndroidManifest.xml:38:27-73
234                <category android:name="android.intent.category.BROWSABLE" />
234-->[com.google.firebase:firebase-auth:22.3.1] AndroidManifest.xml:39:17-78
234-->[com.google.firebase:firebase-auth:22.3.1] AndroidManifest.xml:39:27-75
235
236                <data
236-->[com.google.firebase:firebase-auth:22.3.1] AndroidManifest.xml:41:17-44:51
237                    android:host="cct.com.example.movieapp"
237-->[com.google.firebase:firebase-auth:22.3.1] AndroidManifest.xml:42:21-49
238                    android:scheme="fbconnect" />
238-->[com.google.firebase:firebase-auth:22.3.1] AndroidManifest.xml:44:21-48
239            </intent-filter>
240        </activity>
241
242        <property
242-->[com.google.android.gms:play-services-measurement-api:21.6.1] AndroidManifest.xml:30:9-32:61
243            android:name="android.adservices.AD_SERVICES_CONFIG"
243-->[com.google.android.gms:play-services-measurement-api:21.6.1] AndroidManifest.xml:31:13-65
244            android:resource="@xml/ga_ad_services_config" />
244-->[com.google.android.gms:play-services-measurement-api:21.6.1] AndroidManifest.xml:32:13-58
245
246        <provider
246-->[com.google.firebase:firebase-common:20.4.3] AndroidManifest.xml:23:9-28:39
247            android:name="com.google.firebase.provider.FirebaseInitProvider"
247-->[com.google.firebase:firebase-common:20.4.3] AndroidManifest.xml:24:13-77
248            android:authorities="com.example.movieapp.firebaseinitprovider"
248-->[com.google.firebase:firebase-common:20.4.3] AndroidManifest.xml:25:13-72
249            android:directBootAware="true"
249-->[com.google.firebase:firebase-common:20.4.3] AndroidManifest.xml:26:13-43
250            android:exported="false"
250-->[com.google.firebase:firebase-common:20.4.3] AndroidManifest.xml:27:13-37
251            android:initOrder="100" />
251-->[com.google.firebase:firebase-common:20.4.3] AndroidManifest.xml:28:13-36
252        <!--
253         The initialization ContentProvider will call FacebookSdk.sdkInitialize automatically
254         with the application context. This config is merged in with the host app's manifest,
255         but there can only be one provider with the same authority activated at any given
256         point; so if the end user has two or more different apps that use Facebook SDK, only the
257         first one will be able to use the provider. To work around this problem, we use the
258         following placeholder in the authority to identify each host application as if it was
259         a completely different provider.
260        -->
261        <provider
261-->[com.facebook.android:facebook-core:17.0.0] AndroidManifest.xml:29:9-32:40
262            android:name="com.facebook.internal.FacebookInitProvider"
262-->[com.facebook.android:facebook-core:17.0.0] AndroidManifest.xml:30:13-70
263            android:authorities="com.example.movieapp.FacebookInitProvider"
263-->[com.facebook.android:facebook-core:17.0.0] AndroidManifest.xml:31:13-72
264            android:exported="false" />
264-->[com.facebook.android:facebook-core:17.0.0] AndroidManifest.xml:32:13-37
265
266        <receiver
266-->[com.facebook.android:facebook-core:17.0.0] AndroidManifest.xml:34:9-40:20
267            android:name="com.facebook.CurrentAccessTokenExpirationBroadcastReceiver"
267-->[com.facebook.android:facebook-core:17.0.0] AndroidManifest.xml:35:13-86
268            android:exported="false" >
268-->[com.facebook.android:facebook-core:17.0.0] AndroidManifest.xml:36:13-37
269            <intent-filter>
269-->[com.facebook.android:facebook-core:17.0.0] AndroidManifest.xml:37:13-39:29
270                <action android:name="com.facebook.sdk.ACTION_CURRENT_ACCESS_TOKEN_CHANGED" />